<?xml version="1.0" encoding="UTF-8"?>
<coverage generated="1568077061170" clover="3.2.0">
  <project timestamp="1568077061171" name="All files">
    <metrics statements="14" coveredstatements="13" conditionals="1" coveredconditionals="1" methods="7" coveredmethods="5" elements="22" coveredelements="19" complexity="0" loc="14" ncloc="14" packages="2" files="5" classes="5"/>
    <package name="commons">
      <metrics statements="8" coveredstatements="7" conditionals="1" coveredconditionals="1" methods="5" coveredmethods="3"/>
      <file name="utils.js" path="/Users/jamesyu/Library/Mobile Documents/com~apple~CloudDocs/my-personal/react-redux-app/src/commons/utils.js">
        <metrics statements="8" coveredstatements="7" conditionals="1" coveredconditionals="1" methods="5" coveredmethods="3"/>
        <line num="3" count="2" type="stmt"/>
        <line num="4" count="2" type="stmt"/>
        <line num="5" count="2" type="cond" truecount="1" falsecount="0"/>
        <line num="10" count="2" type="stmt"/>
        <line num="11" count="2" type="stmt"/>
        <line num="13" count="2" type="stmt"/>
        <line num="16" count="1" type="stmt"/>
        <line num="17" count="0" type="stmt"/>
      </file>
    </package>
    <package name="styles">
      <metrics statements="6" coveredstatements="6" conditionals="0" coveredconditionals="0" methods="2" coveredmethods="2"/>
      <file name="_mixin.js" path="/Users/jamesyu/Library/Mobile Documents/com~apple~CloudDocs/my-personal/react-redux-app/src/styles/_mixin.js">
        <metrics statements="3" coveredstatements="3" conditionals="0" coveredconditionals="0" methods="2" coveredmethods="2"/>
        <line num="4" count="1" type="stmt"/>
        <line num="5" count="4" type="stmt"/>
        <line num="11" count="4" type="stmt"/>
      </file>
      <file name="_variables.js" path="/Users/jamesyu/Library/Mobile Documents/com~apple~CloudDocs/my-personal/react-redux-app/src/styles/_variables.js">
        <metrics statements="1" coveredstatements="1" conditionals="0" coveredconditionals="0" methods="0" coveredmethods="0"/>
        <line num="1" count="2" type="stmt"/>
      </file>
      <file name="global-style.js" path="/Users/jamesyu/Library/Mobile Documents/com~apple~CloudDocs/my-personal/react-redux-app/src/styles/global-style.js">
        <metrics statements="1" coveredstatements="1" conditionals="0" coveredconditionals="0" methods="0" coveredmethods="0"/>
        <line num="3" count="1" type="stmt"/>
      </file>
      <file name="reset-style.js" path="/Users/jamesyu/Library/Mobile Documents/com~apple~CloudDocs/my-personal/react-redux-app/src/styles/reset-style.js">
        <metrics statements="1" coveredstatements="1" conditionals="0" coveredconditionals="0" methods="0" coveredmethods="0"/>
        <line num="4" count="1" type="stmt"/>
      </file>
    </package>
  </project>
</coverage>
