{"/Users/jamesyu/Library/Mobile Documents/com~apple~CloudDocs/my-personal/react-redux-app/src/commons/utils.js": {"path":"/Users/jamesyu/Library/Mobile Documents/com~apple~CloudDocs/my-personal/react-redux-app/src/commons/utils.js","statementMap":{"0":{"start":{"line":3,"column":35},"end":{"line":14,"column":1}},"1":{"start":{"line":3,"column":50},"end":{"line":14,"column":1}},"2":{"start":{"line":4,"column":17},"end":{"line":4,"column":45}},"3":{"start":{"line":5,"column":26},"end":{"line":8,"column":6}},"4":{"start":{"line":5,"column":45},"end":{"line":8,"column":5}},"5":{"start":{"line":10,"column":4},"end":{"line":10,"column":30}},"6":{"start":{"line":11,"column":4},"end":{"line":11,"column":33}},"7":{"start":{"line":13,"column":4},"end":{"line":13,"column":25}},"8":{"start":{"line":16,"column":37},"end":{"line":20,"column":1}},"9":{"start":{"line":16,"column":52},"end":{"line":20,"column":1}},"10":{"start":{"line":17,"column":4},"end":{"line":19,"column":15}}},"fnMap":{"0":{"name":"(anonymous_0)","decl":{"start":{"line":3,"column":35},"end":{"line":3,"column":36}},"loc":{"start":{"line":3,"column":50},"end":{"line":14,"column":1}},"line":3},"1":{"name":"(anonymous_1)","decl":{"start":{"line":3,"column":50},"end":{"line":3,"column":51}},"loc":{"start":{"line":3,"column":66},"end":{"line":14,"column":1}},"line":3},"2":{"name":"(anonymous_2)","decl":{"start":{"line":5,"column":26},"end":{"line":5,"column":27}},"loc":{"start":{"line":5,"column":45},"end":{"line":8,"column":5}},"line":5},"3":{"name":"(anonymous_3)","decl":{"start":{"line":16,"column":37},"end":{"line":16,"column":38}},"loc":{"start":{"line":16,"column":52},"end":{"line":20,"column":1}},"line":16},"4":{"name":"(anonymous_4)","decl":{"start":{"line":16,"column":52},"end":{"line":16,"column":53}},"loc":{"start":{"line":17,"column":4},"end":{"line":19,"column":15}},"line":17}},"branchMap":{"0":{"loc":{"start":{"line":5,"column":27},"end":{"line":5,"column":39}},"type":"default-arg","locations":[{"start":{"line":5,"column":37},"end":{"line":5,"column":39}}],"line":5}},"s":{"0":1,"1":2,"2":2,"3":2,"4":1,"5":2,"6":2,"7":2,"8":1,"9":0,"10":0},"f":{"0":2,"1":2,"2":1,"3":0,"4":0},"b":{"0":[1]},"_coverageSchema":"43e27e138ebf9cfc5966b082cf9a028302ed4184","hash":"c254063d7aaa6a240dbce072ba5ef4c37ed04210"}
,"/Users/jamesyu/Library/Mobile Documents/com~apple~CloudDocs/my-personal/react-redux-app/src/styles/_mixin.js": {"path":"/Users/jamesyu/Library/Mobile Documents/com~apple~CloudDocs/my-personal/react-redux-app/src/styles/_mixin.js","statementMap":{"0":{"start":{"line":4,"column":25},"end":{"line":12,"column":6}},"1":{"start":{"line":5,"column":4},"end":{"line":9,"column":6}},"2":{"start":{"line":5,"column":38},"end":{"line":9,"column":5}},"3":{"start":{"line":11,"column":4},"end":{"line":11,"column":23}}},"fnMap":{"0":{"name":"(anonymous_0)","decl":{"start":{"line":4,"column":57},"end":{"line":4,"column":58}},"loc":{"start":{"line":4,"column":81},"end":{"line":12,"column":1}},"line":4},"1":{"name":"(anonymous_1)","decl":{"start":{"line":5,"column":25},"end":{"line":5,"column":26}},"loc":{"start":{"line":5,"column":38},"end":{"line":9,"column":5}},"line":5}},"branchMap":{},"s":{"0":1,"1":4,"2":4,"3":4},"f":{"0":4,"1":4},"b":{},"_coverageSchema":"43e27e138ebf9cfc5966b082cf9a028302ed4184","hash":"4e50ea4a805791c3cbd201afee79fa3a08eb7ecb"}
,"/Users/jamesyu/Library/Mobile Documents/com~apple~CloudDocs/my-personal/react-redux-app/src/styles/_variables.js": {"path":"/Users/jamesyu/Library/Mobile Documents/com~apple~CloudDocs/my-personal/react-redux-app/src/styles/_variables.js","statementMap":{"0":{"start":{"line":1,"column":27},"end":{"line":6,"column":1}}},"fnMap":{},"branchMap":{},"s":{"0":2},"f":{},"b":{},"_coverageSchema":"43e27e138ebf9cfc5966b082cf9a028302ed4184","hash":"bba5b46bbd179cffc0c8ee350a6e2ca348f84d1c"}
,"/Users/jamesyu/Library/Mobile Documents/com~apple~CloudDocs/my-personal/react-redux-app/src/styles/global-style.js": {"path":"/Users/jamesyu/Library/Mobile Documents/com~apple~CloudDocs/my-personal/react-redux-app/src/styles/global-style.js","statementMap":{"0":{"start":{"line":3,"column":20},"end":{"line":14,"column":1}}},"fnMap":{},"branchMap":{},"s":{"0":1},"f":{},"b":{},"_coverageSchema":"43e27e138ebf9cfc5966b082cf9a028302ed4184","hash":"d3d42307334f015d29e4f1c1e8280081280fc3a4"}
,"/Users/jamesyu/Library/Mobile Documents/com~apple~CloudDocs/my-personal/react-redux-app/src/styles/reset-style.js": {"path":"/Users/jamesyu/Library/Mobile Documents/com~apple~CloudDocs/my-personal/react-redux-app/src/styles/reset-style.js","statementMap":{"0":{"start":{"line":4,"column":19},"end":{"line":21,"column":1}}},"fnMap":{},"branchMap":{},"s":{"0":1},"f":{},"b":{},"_coverageSchema":"43e27e138ebf9cfc5966b082cf9a028302ed4184","hash":"0a14f689bb196b7214af85267a0a7a925823a789"}
}
