TN:
SF:/Users/jamesyu/Library/Mobile Documents/com~apple~CloudDocs/my-personal/react-redux-app/src/commons/utils.js
FN:3,(anonymous_0)
FN:3,(anonymous_1)
FN:5,(anonymous_2)
FN:16,(anonymous_3)
FN:16,(anonymous_4)
FNF:5
FNH:3
FNDA:2,(anonymous_0)
FNDA:2,(anonymous_1)
FNDA:1,(anonymous_2)
FNDA:0,(anonymous_3)
FNDA:0,(anonymous_4)
DA:3,2
DA:4,2
DA:5,2
DA:10,2
DA:11,2
DA:13,2
DA:16,1
DA:17,0
LF:8
LH:7
BRDA:5,0,0,1
BRF:1
BRH:1
end_of_record
TN:
SF:/Users/jamesyu/Library/Mobile Documents/com~apple~CloudDocs/my-personal/react-redux-app/src/styles/_mixin.js
FN:4,(anonymous_0)
FN:5,(anonymous_1)
FNF:2
FNH:2
FNDA:4,(anonymous_0)
FNDA:4,(anonymous_1)
DA:4,1
DA:5,4
DA:11,4
LF:3
LH:3
BRF:0
BRH:0
end_of_record
TN:
SF:/Users/jamesyu/Library/Mobile Documents/com~apple~CloudDocs/my-personal/react-redux-app/src/styles/_variables.js
FNF:0
FNH:0
DA:1,2
LF:1
LH:1
BRF:0
BRH:0
end_of_record
TN:
SF:/Users/jamesyu/Library/Mobile Documents/com~apple~CloudDocs/my-personal/react-redux-app/src/styles/global-style.js
FNF:0
FNH:0
DA:3,1
LF:1
LH:1
BRF:0
BRH:0
end_of_record
TN:
SF:/Users/jamesyu/Library/Mobile Documents/com~apple~CloudDocs/my-personal/react-redux-app/src/styles/reset-style.js
FNF:0
FNH:0
DA:4,1
LF:1
LH:1
BRF:0
BRH:0
end_of_record
